2026-01-14 14:51:09 [INFO]: 🌐 HTTP GET /api/devices {"service":"gps-tracker","method":"GET","path":"/api/devices","ip":"::1"}
2026-01-14 14:52:09 [INFO]: 🌐 HTTP GET /api/devices {"service":"gps-tracker","method":"GET","path":"/api/devices","ip":"::1"}
2026-01-14 14:52:20 [INFO]: ============================================================ {"service":"gps-tracker"}
2026-01-14 14:52:20 [INFO]: 🚀 STARTING GPS TRACKING SERVER... {"service":"gps-tracker"}
2026-01-14 14:52:20 [INFO]: ============================================================ {"service":"gps-tracker"}
2026-01-14 14:52:20 [INFO]: 📦 Connecting to MongoDB... {"service":"gps-tracker"}
2026-01-14 14:52:21 [INFO]: ✅ MongoDB connected successfully {"service":"gps-tracker"}
2026-01-14 14:52:21 [INFO]: 🔌 Setting up WebSocket (Socket.IO)... {"service":"gps-tracker"}
2026-01-14 14:52:21 [INFO]: ✅ WebSocket configured {"service":"gps-tracker"}
2026-01-14 14:52:21 [INFO]: 🛣️ Registering API routes... {"service":"gps-tracker"}
2026-01-14 14:52:21 [INFO]: ✅ API routes registered {"service":"gps-tracker"}
2026-01-14 14:52:21 [INFO]: 📡 Initializing GPS Protocol Handler... {"service":"gps-tracker"}
2026-01-14 14:52:21 [INFO]: ✅ GPS Protocol Handler initialized {"service":"gps-tracker"}
2026-01-14 14:52:21 [INFO]: 📡 Creating GPS Server (GT06 Protocol)... {"service":"gps-tracker"}
2026-01-14 14:52:21 [INFO]: ✅ GPS Server created {"service":"gps-tracker"}
2026-01-14 14:52:21 [INFO]: ============================================================ {"service":"gps-tracker"}
2026-01-14 14:52:21 [INFO]: 🚀 STARTING SERVERS... {"service":"gps-tracker"}
2026-01-14 14:52:21 [INFO]: ============================================================ {"service":"gps-tracker"}
2026-01-14 14:52:21 [INFO]: ============================================================ {"service":"gps-tracker"}
2026-01-14 14:52:21 [INFO]: ✅ GPS TRACKING SERVER STARTED SUCCESSFULLY! {"service":"gps-tracker"}
2026-01-14 14:52:21 [INFO]: ============================================================ {"service":"gps-tracker"}
2026-01-14 14:52:21 [INFO]: 📝 Waiting for GPS device connections... {"service":"gps-tracker"}
2026-01-14 14:52:21 [INFO]: 📝 Configure your GT06 device to connect to: YOUR_SERVER_IP:5023 {"service":"gps-tracker"}
2026-01-14 14:52:21 [INFO]: ============================================================ {"service":"gps-tracker"}
2026-01-14 14:52:21 [INFO]: ✅ HTTP Server: http://localhost:3000 {"service":"gps-tracker"}
2026-01-14 14:52:21 [INFO]: ✅ API Docs: http://localhost:3000/api {"service":"gps-tracker"}
2026-01-14 14:52:21 [INFO]: ✅ Dashboard: http://localhost:3000 {"service":"gps-tracker"}
2026-01-14 14:52:21 [INFO]: ✅ GPS Server (GT06): Port 5023 {"service":"gps-tracker"}
2026-01-14 14:52:21 [INFO]: 📡 Listening for GPS device connections on 0.0.0.0:5023 {"service":"gps-tracker"}
2026-01-14 14:52:21 [INFO]: 🔌 WebSocket Client connected: {"service":"gps-tracker"}
2026-01-14 14:52:31 [INFO]: MongoDB connected successfully {"service":"gps-tracker"}
2026-01-14 14:52:31 [INFO]: 🚀 GPS Tracking Server started successfully! {"service":"gps-tracker"}
2026-01-14 14:52:31 [INFO]: ✅ HTTP Server: http://localhost:3000 {"service":"gps-tracker"}
2026-01-14 14:52:31 [INFO]: ✅ API Docs: http://localhost:3000/api {"service":"gps-tracker"}
2026-01-14 14:52:31 [INFO]: ✅ GPS Server (GT06): Port 5023 {"service":"gps-tracker"}
2026-01-14 14:52:31 [INFO]: Client connected: {"service":"gps-tracker"}
